CRITICAL - 2026-05-07 07:22:32 --> Error: Class "App\Models\UserModel" not found
[Method: POST, Route: singIn]
in APPPATH\Controllers\Home.php on line 18.
 1 SYSTEMPATH\CodeIgniter.php(951): App\Controllers\Home->login()
 2 SYSTEMPATH\CodeIgniter.php(497): CodeIgniter\CodeIgniter->runController(Object(App\Controllers\Home))
 3 SYSTEMPATH\CodeIgniter.php(340): CodeIgniter\CodeIgniter->handleRequest(null, Object(Config\Cache), false)
 4 SYSTEMPATH\Boot.php(417): CodeIgniter\CodeIgniter->run()
 5 SYSTEMPATH\Boot.php(68): CodeIgniter\Boot::runCodeIgniter(Object(CodeIgniter\CodeIgniter))
 6 FCPATH\index.php(59): CodeIgniter\Boot::bootWeb(Object(Config\Paths))
CRITICAL - 2026-05-07 07:27:03 --> Error: Class "App\Models\UserDetailModel" not found
[Method: GET, Route: profil/1]
in APPPATH\Controllers\Home.php on line 29.
 1 SYSTEMPATH\CodeIgniter.php(951): App\Controllers\Home->profil('1')
 2 SYSTEMPATH\CodeIgniter.php(497): CodeIgniter\CodeIgniter->runController(Object(App\Controllers\Home))
 3 SYSTEMPATH\CodeIgniter.php(340): CodeIgniter\CodeIgniter->handleRequest(null, Object(Config\Cache), false)
 4 SYSTEMPATH\Boot.php(417): CodeIgniter\CodeIgniter->run()
 5 SYSTEMPATH\Boot.php(68): CodeIgniter\Boot::runCodeIgniter(Object(CodeIgniter\CodeIgniter))
 6 FCPATH\index.php(59): CodeIgniter\Boot::bootWeb(Object(Config\Paths))
CRITICAL - 2026-05-07 07:32:30 --> Error: Class "App\Models\UserDetailModel" not found
[Method: GET, Route: profil/1]
in APPPATH\Controllers\Home.php on line 39.
 1 SYSTEMPATH\CodeIgniter.php(951): App\Controllers\Home->profil('1')
 2 SYSTEMPATH\CodeIgniter.php(497): CodeIgniter\CodeIgniter->runController(Object(App\Controllers\Home))
 3 SYSTEMPATH\CodeIgniter.php(340): CodeIgniter\CodeIgniter->handleRequest(null, Object(Config\Cache), false)
 4 SYSTEMPATH\Boot.php(417): CodeIgniter\CodeIgniter->run()
 5 SYSTEMPATH\Boot.php(68): CodeIgniter\Boot::runCodeIgniter(Object(CodeIgniter\CodeIgniter))
 6 FCPATH\index.php(59): CodeIgniter\Boot::bootWeb(Object(Config\Paths))
CRITICAL - 2026-05-07 07:34:23 --> Error: Class "App\Models\UserDetailModel" not found
[Method: GET, Route: profil/1]
in APPPATH\Controllers\Home.php on line 39.
 1 SYSTEMPATH\CodeIgniter.php(951): App\Controllers\Home->profil('1')
 2 SYSTEMPATH\CodeIgniter.php(497): CodeIgniter\CodeIgniter->runController(Object(App\Controllers\Home))
 3 SYSTEMPATH\CodeIgniter.php(340): CodeIgniter\CodeIgniter->handleRequest(null, Object(Config\Cache), false)
 4 SYSTEMPATH\Boot.php(417): CodeIgniter\CodeIgniter->run()
 5 SYSTEMPATH\Boot.php(68): CodeIgniter\Boot::runCodeIgniter(Object(CodeIgniter\CodeIgniter))
 6 FCPATH\index.php(59): CodeIgniter\Boot::bootWeb(Object(Config\Paths))
CRITICAL - 2026-05-07 07:34:24 --> Error: Class "App\Models\UserDetailModel" not found
[Method: GET, Route: profil/1]
in APPPATH\Controllers\Home.php on line 39.
 1 SYSTEMPATH\CodeIgniter.php(951): App\Controllers\Home->profil('1')
 2 SYSTEMPATH\CodeIgniter.php(497): CodeIgniter\CodeIgniter->runController(Object(App\Controllers\Home))
 3 SYSTEMPATH\CodeIgniter.php(340): CodeIgniter\CodeIgniter->handleRequest(null, Object(Config\Cache), false)
 4 SYSTEMPATH\Boot.php(417): CodeIgniter\CodeIgniter->run()
 5 SYSTEMPATH\Boot.php(68): CodeIgniter\Boot::runCodeIgniter(Object(CodeIgniter\CodeIgniter))
 6 FCPATH\index.php(59): CodeIgniter\Boot::bootWeb(Object(Config\Paths))
CRITICAL - 2026-05-07 07:34:24 --> Error: Class "App\Models\UserDetailModel" not found
[Method: GET, Route: profil/1]
in APPPATH\Controllers\Home.php on line 39.
 1 SYSTEMPATH\CodeIgniter.php(951): App\Controllers\Home->profil('1')
 2 SYSTEMPATH\CodeIgniter.php(497): CodeIgniter\CodeIgniter->runController(Object(App\Controllers\Home))
 3 SYSTEMPATH\CodeIgniter.php(340): CodeIgniter\CodeIgniter->handleRequest(null, Object(Config\Cache), false)
 4 SYSTEMPATH\Boot.php(417): CodeIgniter\CodeIgniter->run()
 5 SYSTEMPATH\Boot.php(68): CodeIgniter\Boot::runCodeIgniter(Object(CodeIgniter\CodeIgniter))
 6 FCPATH\index.php(59): CodeIgniter\Boot::bootWeb(Object(Config\Paths))
CRITICAL - 2026-05-07 07:34:40 --> Error: Class "App\Models\UserDetailModel" not found
[Method: GET, Route: profil/1]
in APPPATH\Controllers\Home.php on line 39.
 1 SYSTEMPATH\CodeIgniter.php(951): App\Controllers\Home->profil('1')
 2 SYSTEMPATH\CodeIgniter.php(497): CodeIgniter\CodeIgniter->runController(Object(App\Controllers\Home))
 3 SYSTEMPATH\CodeIgniter.php(340): CodeIgniter\CodeIgniter->handleRequest(null, Object(Config\Cache), false)
 4 SYSTEMPATH\Boot.php(417): CodeIgniter\CodeIgniter->run()
 5 SYSTEMPATH\Boot.php(68): CodeIgniter\Boot::runCodeIgniter(Object(CodeIgniter\CodeIgniter))
 6 FCPATH\index.php(59): CodeIgniter\Boot::bootWeb(Object(Config\Paths))
CRITICAL - 2026-05-07 07:51:39 --> Error: Class "App\Models\UserDetailModel" not found
[Method: GET, Route: profil/1]
in APPPATH\Controllers\Home.php on line 39.
 1 SYSTEMPATH\CodeIgniter.php(951): App\Controllers\Home->profil('1')
 2 SYSTEMPATH\CodeIgniter.php(497): CodeIgniter\CodeIgniter->runController(Object(App\Controllers\Home))
 3 SYSTEMPATH\CodeIgniter.php(340): CodeIgniter\CodeIgniter->handleRequest(null, Object(Config\Cache), false)
 4 SYSTEMPATH\Boot.php(417): CodeIgniter\CodeIgniter->run()
 5 SYSTEMPATH\Boot.php(68): CodeIgniter\Boot::runCodeIgniter(Object(CodeIgniter\CodeIgniter))
 6 FCPATH\index.php(59): CodeIgniter\Boot::bootWeb(Object(Config\Paths))
CRITICAL - 2026-05-07 07:51:41 --> Error: Class "App\Models\UserDetailModel" not found
[Method: GET, Route: profil/1]
in APPPATH\Controllers\Home.php on line 39.
 1 SYSTEMPATH\CodeIgniter.php(951): App\Controllers\Home->profil('1')
 2 SYSTEMPATH\CodeIgniter.php(497): CodeIgniter\CodeIgniter->runController(Object(App\Controllers\Home))
 3 SYSTEMPATH\CodeIgniter.php(340): CodeIgniter\CodeIgniter->handleRequest(null, Object(Config\Cache), false)
 4 SYSTEMPATH\Boot.php(417): CodeIgniter\CodeIgniter->run()
 5 SYSTEMPATH\Boot.php(68): CodeIgniter\Boot::runCodeIgniter(Object(CodeIgniter\CodeIgniter))
 6 FCPATH\index.php(59): CodeIgniter\Boot::bootWeb(Object(Config\Paths))
CRITICAL - 2026-05-07 07:51:41 --> Error: Class "App\Models\UserDetailModel" not found
[Method: GET, Route: profil/1]
in APPPATH\Controllers\Home.php on line 39.
 1 SYSTEMPATH\CodeIgniter.php(951): App\Controllers\Home->profil('1')
 2 SYSTEMPATH\CodeIgniter.php(497): CodeIgniter\CodeIgniter->runController(Object(App\Controllers\Home))
 3 SYSTEMPATH\CodeIgniter.php(340): CodeIgniter\CodeIgniter->handleRequest(null, Object(Config\Cache), false)
 4 SYSTEMPATH\Boot.php(417): CodeIgniter\CodeIgniter->run()
 5 SYSTEMPATH\Boot.php(68): CodeIgniter\Boot::runCodeIgniter(Object(CodeIgniter\CodeIgniter))
 6 FCPATH\index.php(59): CodeIgniter\Boot::bootWeb(Object(Config\Paths))
CRITICAL - 2026-05-07 07:52:00 --> Error: Class "App\Models\UserDetailModel" not found
[Method: GET, Route: profil/1]
in APPPATH\Controllers\Home.php on line 39.
 1 SYSTEMPATH\CodeIgniter.php(951): App\Controllers\Home->profil('1')
 2 SYSTEMPATH\CodeIgniter.php(497): CodeIgniter\CodeIgniter->runController(Object(App\Controllers\Home))
 3 SYSTEMPATH\CodeIgniter.php(340): CodeIgniter\CodeIgniter->handleRequest(null, Object(Config\Cache), false)
 4 SYSTEMPATH\Boot.php(417): CodeIgniter\CodeIgniter->run()
 5 SYSTEMPATH\Boot.php(68): CodeIgniter\Boot::runCodeIgniter(Object(CodeIgniter\CodeIgniter))
 6 FCPATH\index.php(59): CodeIgniter\Boot::bootWeb(Object(Config\Paths))
CRITICAL - 2026-05-07 07:56:59 --> ErrorException: Undefined global variable $_SESSION
[Method: GET, Route: profil/1]
in APPPATH\Views\profil.php on line 24.
 1 APPPATH\Views\profil.php(24): CodeIgniter\Debug\Exceptions->errorHandler(2, 'Undefined global variable $_SESSION', 'D:\\ITU\\S4\\Systeme d\'information\\2026-05-06\\Regime_app\\app\\Views\\profil.php', 24)
 2 SYSTEMPATH\View\View.php(240): include('D:\\ITU\\S4\\Systeme d\'information\\2026-05-06\\Regime_app\\app\\Views\\profil.php')
 3 SYSTEMPATH\View\View.php(243): CodeIgniter\View\View->CodeIgniter\View\{closure}()
 4 SYSTEMPATH\Common.php(1250): CodeIgniter\View\View->render('profil', [], true)
 5 APPPATH\Controllers\Home.php(71): view('profil', [...])
 6 SYSTEMPATH\CodeIgniter.php(951): App\Controllers\Home->profil('1')
 7 SYSTEMPATH\CodeIgniter.php(497): CodeIgniter\CodeIgniter->runController(Object(App\Controllers\Home))
 8 SYSTEMPATH\CodeIgniter.php(340): CodeIgniter\CodeIgniter->handleRequest(null, Object(Config\Cache), false)
 9 SYSTEMPATH\Boot.php(417): CodeIgniter\CodeIgniter->run()
10 SYSTEMPATH\Boot.php(68): CodeIgniter\Boot::runCodeIgniter(Object(CodeIgniter\CodeIgniter))
11 FCPATH\index.php(59): CodeIgniter\Boot::bootWeb(Object(Config\Paths))
CRITICAL - 2026-05-07 08:05:46 --> CodeIgniter\Database\Exceptions\DatabaseException: Updates are not allowed unless they contain a "where" or "like" clause.
[Method: POST, Route: user/update/pwd]
in SYSTEMPATH\Model.php on line 401.
 1 SYSTEMPATH\BaseModel.php(1074): CodeIgniter\Model->doUpdate(null, [...])
 2 SYSTEMPATH\Model.php(709): CodeIgniter\BaseModel->update(null, [...])
 3 APPPATH\Controllers\Home.php(83): CodeIgniter\Model->update(null, [...])
 4 SYSTEMPATH\CodeIgniter.php(951): App\Controllers\Home->updatePwd()
 5 SYSTEMPATH\CodeIgniter.php(497): CodeIgniter\CodeIgniter->runController(Object(App\Controllers\Home))
 6 SYSTEMPATH\CodeIgniter.php(340): CodeIgniter\CodeIgniter->handleRequest(null, Object(Config\Cache), false)
 7 SYSTEMPATH\Boot.php(417): CodeIgniter\CodeIgniter->run()
 8 SYSTEMPATH\Boot.php(68): CodeIgniter\Boot::runCodeIgniter(Object(CodeIgniter\CodeIgniter))
 9 FCPATH\index.php(59): CodeIgniter\Boot::bootWeb(Object(Config\Paths))
CRITICAL - 2026-05-07 08:11:44 --> Error: Class "App\Controllers\UserModel" not found
[Method: GET, Route: porte_monnaie/1]
in APPPATH\Controllers\Transaction.php on line 16.
 1 SYSTEMPATH\CodeIgniter.php(951): App\Controllers\Transaction->findOne('1')
 2 SYSTEMPATH\CodeIgniter.php(497): CodeIgniter\CodeIgniter->runController(Object(App\Controllers\Transaction))
 3 SYSTEMPATH\CodeIgniter.php(340): CodeIgniter\CodeIgniter->handleRequest(null, Object(Config\Cache), false)
 4 SYSTEMPATH\Boot.php(417): CodeIgniter\CodeIgniter->run()
 5 SYSTEMPATH\Boot.php(68): CodeIgniter\Boot::runCodeIgniter(Object(CodeIgniter\CodeIgniter))
 6 FCPATH\index.php(59): CodeIgniter\Boot::bootWeb(Object(Config\Paths))
CRITICAL - 2026-05-07 08:19:04 --> CodeIgniter\Database\Exceptions\DatabaseException: Updates are not allowed unless they contain a "where" or "like" clause.
[Method: POST, Route: userDetails/update]
in SYSTEMPATH\Model.php on line 401.
 1 SYSTEMPATH\BaseModel.php(1074): CodeIgniter\Model->doUpdate(null, [...])
 2 SYSTEMPATH\Model.php(709): CodeIgniter\BaseModel->update(null, [...])
 3 APPPATH\Controllers\Home.php(127): CodeIgniter\Model->update(null, [...])
 4 SYSTEMPATH\CodeIgniter.php(951): App\Controllers\Home->updateUserDetails()
 5 SYSTEMPATH\CodeIgniter.php(497): CodeIgniter\CodeIgniter->runController(Object(App\Controllers\Home))
 6 SYSTEMPATH\CodeIgniter.php(340): CodeIgniter\CodeIgniter->handleRequest(null, Object(Config\Cache), false)
 7 SYSTEMPATH\Boot.php(417): CodeIgniter\CodeIgniter->run()
 8 SYSTEMPATH\Boot.php(68): CodeIgniter\Boot::runCodeIgniter(Object(CodeIgniter\CodeIgniter))
 9 FCPATH\index.php(59): CodeIgniter\Boot::bootWeb(Object(Config\Paths))
CRITICAL - 2026-05-07 08:23:58 --> ErrorException: Undefined global variable $_SESSION
[Method: GET, Route: profil/1]
in APPPATH\Views\profil.php on line 69.
 1 APPPATH\Views\profil.php(69): CodeIgniter\Debug\Exceptions->errorHandler(2, 'Undefined global variable $_SESSION', 'D:\\ITU\\S4\\Systeme d\'information\\2026-05-06\\Regime_app\\app\\Views\\profil.php', 69)
 2 SYSTEMPATH\View\View.php(240): include('D:\\ITU\\S4\\Systeme d\'information\\2026-05-06\\Regime_app\\app\\Views\\profil.php')
 3 SYSTEMPATH\View\View.php(243): CodeIgniter\View\View->CodeIgniter\View\{closure}()
 4 SYSTEMPATH\Common.php(1250): CodeIgniter\View\View->render('profil', [], true)
 5 APPPATH\Controllers\Home.php(75): view('profil', [...])
 6 SYSTEMPATH\CodeIgniter.php(951): App\Controllers\Home->profil('1')
 7 SYSTEMPATH\CodeIgniter.php(497): CodeIgniter\CodeIgniter->runController(Object(App\Controllers\Home))
 8 SYSTEMPATH\CodeIgniter.php(340): CodeIgniter\CodeIgniter->handleRequest(null, Object(Config\Cache), false)
 9 SYSTEMPATH\Boot.php(417): CodeIgniter\CodeIgniter->run()
10 SYSTEMPATH\Boot.php(68): CodeIgniter\Boot::runCodeIgniter(Object(CodeIgniter\CodeIgniter))
11 FCPATH\index.php(59): CodeIgniter\Boot::bootWeb(Object(Config\Paths))
CRITICAL - 2026-05-07 08:36:29 --> Error: Class "App\Controllers\UserModel" not found
[Method: GET, Route: porte_monnaie/1]
in APPPATH\Controllers\Transaction.php on line 16.
 1 SYSTEMPATH\CodeIgniter.php(951): App\Controllers\Transaction->findOne('1')
 2 SYSTEMPATH\CodeIgniter.php(497): CodeIgniter\CodeIgniter->runController(Object(App\Controllers\Transaction))
 3 SYSTEMPATH\CodeIgniter.php(340): CodeIgniter\CodeIgniter->handleRequest(null, Object(Config\Cache), false)
 4 SYSTEMPATH\Boot.php(417): CodeIgniter\CodeIgniter->run()
 5 SYSTEMPATH\Boot.php(68): CodeIgniter\Boot::runCodeIgniter(Object(CodeIgniter\CodeIgniter))
 6 FCPATH\index.php(59): CodeIgniter\Boot::bootWeb(Object(Config\Paths))
CRITICAL - 2026-05-07 08:42:04 --> ErrorException: Undefined variable $userSolde
[Method: GET, Route: porte_monnaie/1]
in APPPATH\Views\porte_monnaie.php on line 11.
 1 APPPATH\Views\porte_monnaie.php(11): CodeIgniter\Debug\Exceptions->errorHandler(2, 'Undefined variable $userSolde', 'D:\\ITU\\S4\\Systeme d\'information\\2026-05-06\\Regime_app\\app\\Views\\porte_monnaie.php', 11)
 2 SYSTEMPATH\View\View.php(240): include('D:\\ITU\\S4\\Systeme d\'information\\2026-05-06\\Regime_app\\app\\Views\\porte_monnaie.php')
 3 SYSTEMPATH\View\View.php(243): CodeIgniter\View\View->CodeIgniter\View\{closure}()
 4 SYSTEMPATH\Common.php(1250): CodeIgniter\View\View->render('porte_monnaie', [], true)
 5 APPPATH\Controllers\Transaction.php(18): view('porte_monnaie', [...])
 6 SYSTEMPATH\CodeIgniter.php(951): App\Controllers\Transaction->findOne('1')
 7 SYSTEMPATH\CodeIgniter.php(497): CodeIgniter\CodeIgniter->runController(Object(App\Controllers\Transaction))
 8 SYSTEMPATH\CodeIgniter.php(340): CodeIgniter\CodeIgniter->handleRequest(null, Object(Config\Cache), false)
 9 SYSTEMPATH\Boot.php(417): CodeIgniter\CodeIgniter->run()
10 SYSTEMPATH\Boot.php(68): CodeIgniter\Boot::runCodeIgniter(Object(CodeIgniter\CodeIgniter))
11 FCPATH\index.php(59): CodeIgniter\Boot::bootWeb(Object(Config\Paths))
CRITICAL - 2026-05-07 08:43:11 --> ErrorException: Undefined variable $userSolde
[Method: GET, Route: porte_monnaie/1]
in APPPATH\Views\porte_monnaie.php on line 11.
 1 APPPATH\Views\porte_monnaie.php(11): CodeIgniter\Debug\Exceptions->errorHandler(2, 'Undefined variable $userSolde', 'D:\\ITU\\S4\\Systeme d\'information\\2026-05-06\\Regime_app\\app\\Views\\porte_monnaie.php', 11)
 2 SYSTEMPATH\View\View.php(240): include('D:\\ITU\\S4\\Systeme d\'information\\2026-05-06\\Regime_app\\app\\Views\\porte_monnaie.php')
 3 SYSTEMPATH\View\View.php(243): CodeIgniter\View\View->CodeIgniter\View\{closure}()
 4 SYSTEMPATH\Common.php(1250): CodeIgniter\View\View->render('porte_monnaie', [], true)
 5 APPPATH\Controllers\Transaction.php(18): view('porte_monnaie', [...])
 6 SYSTEMPATH\CodeIgniter.php(951): App\Controllers\Transaction->findOne('1')
 7 SYSTEMPATH\CodeIgniter.php(497): CodeIgniter\CodeIgniter->runController(Object(App\Controllers\Transaction))
 8 SYSTEMPATH\CodeIgniter.php(340): CodeIgniter\CodeIgniter->handleRequest(null, Object(Config\Cache), false)
 9 SYSTEMPATH\Boot.php(417): CodeIgniter\CodeIgniter->run()
10 SYSTEMPATH\Boot.php(68): CodeIgniter\Boot::runCodeIgniter(Object(CodeIgniter\CodeIgniter))
11 FCPATH\index.php(59): CodeIgniter\Boot::bootWeb(Object(Config\Paths))
CRITICAL - 2026-05-07 09:57:21 --> ErrorException: Undefined variable $useId
[Method: GET, Route: porte_monnaie/1]
in APPPATH\Views\porte_monnaie.php on line 23.
 1 APPPATH\Views\porte_monnaie.php(23): CodeIgniter\Debug\Exceptions->errorHandler(2, 'Undefined variable $useId', 'D:\\ITU\\S4\\Systeme d\'information\\2026-05-06\\Regime_app\\app\\Views\\porte_monnaie.php', 23)
 2 SYSTEMPATH\View\View.php(240): include('D:\\ITU\\S4\\Systeme d\'information\\2026-05-06\\Regime_app\\app\\Views\\porte_monnaie.php')
 3 SYSTEMPATH\View\View.php(243): CodeIgniter\View\View->CodeIgniter\View\{closure}()
 4 SYSTEMPATH\Common.php(1250): CodeIgniter\View\View->render('porte_monnaie', [], true)
 5 APPPATH\Controllers\Transaction.php(37): view('porte_monnaie', [...])
 6 SYSTEMPATH\CodeIgniter.php(951): App\Controllers\Transaction->findOne('1')
 7 SYSTEMPATH\CodeIgniter.php(497): CodeIgniter\CodeIgniter->runController(Object(App\Controllers\Transaction))
 8 SYSTEMPATH\CodeIgniter.php(340): CodeIgniter\CodeIgniter->handleRequest(null, Object(Config\Cache), false)
 9 SYSTEMPATH\Boot.php(417): CodeIgniter\CodeIgniter->run()
10 SYSTEMPATH\Boot.php(68): CodeIgniter\Boot::runCodeIgniter(Object(CodeIgniter\CodeIgniter))
11 FCPATH\index.php(59): CodeIgniter\Boot::bootWeb(Object(Config\Paths))
CRITICAL - 2026-05-07 09:57:23 --> ErrorException: Undefined variable $useId
[Method: GET, Route: porte_monnaie/1]
in APPPATH\Views\porte_monnaie.php on line 23.
 1 APPPATH\Views\porte_monnaie.php(23): CodeIgniter\Debug\Exceptions->errorHandler(2, 'Undefined variable $useId', 'D:\\ITU\\S4\\Systeme d\'information\\2026-05-06\\Regime_app\\app\\Views\\porte_monnaie.php', 23)
 2 SYSTEMPATH\View\View.php(240): include('D:\\ITU\\S4\\Systeme d\'information\\2026-05-06\\Regime_app\\app\\Views\\porte_monnaie.php')
 3 SYSTEMPATH\View\View.php(243): CodeIgniter\View\View->CodeIgniter\View\{closure}()
 4 SYSTEMPATH\Common.php(1250): CodeIgniter\View\View->render('porte_monnaie', [], true)
 5 APPPATH\Controllers\Transaction.php(37): view('porte_monnaie', [...])
 6 SYSTEMPATH\CodeIgniter.php(951): App\Controllers\Transaction->findOne('1')
 7 SYSTEMPATH\CodeIgniter.php(497): CodeIgniter\CodeIgniter->runController(Object(App\Controllers\Transaction))
 8 SYSTEMPATH\CodeIgniter.php(340): CodeIgniter\CodeIgniter->handleRequest(null, Object(Config\Cache), false)
 9 SYSTEMPATH\Boot.php(417): CodeIgniter\CodeIgniter->run()
10 SYSTEMPATH\Boot.php(68): CodeIgniter\Boot::runCodeIgniter(Object(CodeIgniter\CodeIgniter))
11 FCPATH\index.php(59): CodeIgniter\Boot::bootWeb(Object(Config\Paths))
CRITICAL - 2026-05-07 09:57:24 --> ErrorException: Undefined variable $useId
[Method: GET, Route: porte_monnaie/1]
in APPPATH\Views\porte_monnaie.php on line 23.
 1 APPPATH\Views\porte_monnaie.php(23): CodeIgniter\Debug\Exceptions->errorHandler(2, 'Undefined variable $useId', 'D:\\ITU\\S4\\Systeme d\'information\\2026-05-06\\Regime_app\\app\\Views\\porte_monnaie.php', 23)
 2 SYSTEMPATH\View\View.php(240): include('D:\\ITU\\S4\\Systeme d\'information\\2026-05-06\\Regime_app\\app\\Views\\porte_monnaie.php')
 3 SYSTEMPATH\View\View.php(243): CodeIgniter\View\View->CodeIgniter\View\{closure}()
 4 SYSTEMPATH\Common.php(1250): CodeIgniter\View\View->render('porte_monnaie', [], true)
 5 APPPATH\Controllers\Transaction.php(37): view('porte_monnaie', [...])
 6 SYSTEMPATH\CodeIgniter.php(951): App\Controllers\Transaction->findOne('1')
 7 SYSTEMPATH\CodeIgniter.php(497): CodeIgniter\CodeIgniter->runController(Object(App\Controllers\Transaction))
 8 SYSTEMPATH\CodeIgniter.php(340): CodeIgniter\CodeIgniter->handleRequest(null, Object(Config\Cache), false)
 9 SYSTEMPATH\Boot.php(417): CodeIgniter\CodeIgniter->run()
10 SYSTEMPATH\Boot.php(68): CodeIgniter\Boot::runCodeIgniter(Object(CodeIgniter\CodeIgniter))
11 FCPATH\index.php(59): CodeIgniter\Boot::bootWeb(Object(Config\Paths))
CRITICAL - 2026-05-07 09:57:25 --> ErrorException: Undefined variable $useId
[Method: GET, Route: porte_monnaie/1]
in APPPATH\Views\porte_monnaie.php on line 23.
 1 APPPATH\Views\porte_monnaie.php(23): CodeIgniter\Debug\Exceptions->errorHandler(2, 'Undefined variable $useId', 'D:\\ITU\\S4\\Systeme d\'information\\2026-05-06\\Regime_app\\app\\Views\\porte_monnaie.php', 23)
 2 SYSTEMPATH\View\View.php(240): include('D:\\ITU\\S4\\Systeme d\'information\\2026-05-06\\Regime_app\\app\\Views\\porte_monnaie.php')
 3 SYSTEMPATH\View\View.php(243): CodeIgniter\View\View->CodeIgniter\View\{closure}()
 4 SYSTEMPATH\Common.php(1250): CodeIgniter\View\View->render('porte_monnaie', [], true)
 5 APPPATH\Controllers\Transaction.php(37): view('porte_monnaie', [...])
 6 SYSTEMPATH\CodeIgniter.php(951): App\Controllers\Transaction->findOne('1')
 7 SYSTEMPATH\CodeIgniter.php(497): CodeIgniter\CodeIgniter->runController(Object(App\Controllers\Transaction))
 8 SYSTEMPATH\CodeIgniter.php(340): CodeIgniter\CodeIgniter->handleRequest(null, Object(Config\Cache), false)
 9 SYSTEMPATH\Boot.php(417): CodeIgniter\CodeIgniter->run()
10 SYSTEMPATH\Boot.php(68): CodeIgniter\Boot::runCodeIgniter(Object(CodeIgniter\CodeIgniter))
11 FCPATH\index.php(59): CodeIgniter\Boot::bootWeb(Object(Config\Paths))
CRITICAL - 2026-05-07 09:57:47 --> ErrorException: Undefined variable $useId
[Method: GET, Route: porte_monnaie/1]
in APPPATH\Views\porte_monnaie.php on line 23.
 1 APPPATH\Views\porte_monnaie.php(23): CodeIgniter\Debug\Exceptions->errorHandler(2, 'Undefined variable $useId', 'D:\\ITU\\S4\\Systeme d\'information\\2026-05-06\\Regime_app\\app\\Views\\porte_monnaie.php', 23)
 2 SYSTEMPATH\View\View.php(240): include('D:\\ITU\\S4\\Systeme d\'information\\2026-05-06\\Regime_app\\app\\Views\\porte_monnaie.php')
 3 SYSTEMPATH\View\View.php(243): CodeIgniter\View\View->CodeIgniter\View\{closure}()
 4 SYSTEMPATH\Common.php(1250): CodeIgniter\View\View->render('porte_monnaie', [], true)
 5 APPPATH\Controllers\Transaction.php(37): view('porte_monnaie', [...])
 6 SYSTEMPATH\CodeIgniter.php(951): App\Controllers\Transaction->findOne('1')
 7 SYSTEMPATH\CodeIgniter.php(497): CodeIgniter\CodeIgniter->runController(Object(App\Controllers\Transaction))
 8 SYSTEMPATH\CodeIgniter.php(340): CodeIgniter\CodeIgniter->handleRequest(null, Object(Config\Cache), false)
 9 SYSTEMPATH\Boot.php(417): CodeIgniter\CodeIgniter->run()
10 SYSTEMPATH\Boot.php(68): CodeIgniter\Boot::runCodeIgniter(Object(CodeIgniter\CodeIgniter))
11 FCPATH\index.php(59): CodeIgniter\Boot::bootWeb(Object(Config\Paths))
CRITICAL - 2026-05-07 09:59:01 --> ErrorException: Undefined variable $useId
[Method: GET, Route: porte_monnaie/1]
in APPPATH\Views\porte_monnaie.php on line 23.
 1 APPPATH\Views\porte_monnaie.php(23): CodeIgniter\Debug\Exceptions->errorHandler(2, 'Undefined variable $useId', 'D:\\ITU\\S4\\Systeme d\'information\\2026-05-06\\Regime_app\\app\\Views\\porte_monnaie.php', 23)
 2 SYSTEMPATH\View\View.php(240): include('D:\\ITU\\S4\\Systeme d\'information\\2026-05-06\\Regime_app\\app\\Views\\porte_monnaie.php')
 3 SYSTEMPATH\View\View.php(243): CodeIgniter\View\View->CodeIgniter\View\{closure}()
 4 SYSTEMPATH\Common.php(1250): CodeIgniter\View\View->render('porte_monnaie', [], true)
 5 APPPATH\Controllers\Transaction.php(37): view('porte_monnaie', [...])
 6 SYSTEMPATH\CodeIgniter.php(951): App\Controllers\Transaction->findOne('1')
 7 SYSTEMPATH\CodeIgniter.php(497): CodeIgniter\CodeIgniter->runController(Object(App\Controllers\Transaction))
 8 SYSTEMPATH\CodeIgniter.php(340): CodeIgniter\CodeIgniter->handleRequest(null, Object(Config\Cache), false)
 9 SYSTEMPATH\Boot.php(417): CodeIgniter\CodeIgniter->run()
10 SYSTEMPATH\Boot.php(68): CodeIgniter\Boot::runCodeIgniter(Object(CodeIgniter\CodeIgniter))
11 FCPATH\index.php(59): CodeIgniter\Boot::bootWeb(Object(Config\Paths))
CRITICAL - 2026-05-07 09:59:33 --> ErrorException: Undefined variable $useId
[Method: GET, Route: porte_monnaie/1]
in APPPATH\Views\porte_monnaie.php on line 23.
 1 APPPATH\Views\porte_monnaie.php(23): CodeIgniter\Debug\Exceptions->errorHandler(2, 'Undefined variable $useId', 'D:\\ITU\\S4\\Systeme d\'information\\2026-05-06\\Regime_app\\app\\Views\\porte_monnaie.php', 23)
 2 SYSTEMPATH\View\View.php(240): include('D:\\ITU\\S4\\Systeme d\'information\\2026-05-06\\Regime_app\\app\\Views\\porte_monnaie.php')
 3 SYSTEMPATH\View\View.php(243): CodeIgniter\View\View->CodeIgniter\View\{closure}()
 4 SYSTEMPATH\Common.php(1250): CodeIgniter\View\View->render('porte_monnaie', [], true)
 5 APPPATH\Controllers\Transaction.php(37): view('porte_monnaie', [...])
 6 SYSTEMPATH\CodeIgniter.php(951): App\Controllers\Transaction->findOne('1')
 7 SYSTEMPATH\CodeIgniter.php(497): CodeIgniter\CodeIgniter->runController(Object(App\Controllers\Transaction))
 8 SYSTEMPATH\CodeIgniter.php(340): CodeIgniter\CodeIgniter->handleRequest(null, Object(Config\Cache), false)
 9 SYSTEMPATH\Boot.php(417): CodeIgniter\CodeIgniter->run()
10 SYSTEMPATH\Boot.php(68): CodeIgniter\Boot::runCodeIgniter(Object(CodeIgniter\CodeIgniter))
11 FCPATH\index.php(59): CodeIgniter\Boot::bootWeb(Object(Config\Paths))
CRITICAL - 2026-05-07 10:01:20 --> ErrorException: Undefined variable $useId
[Method: GET, Route: porte_monnaie/1]
in APPPATH\Views\porte_monnaie.php on line 23.
 1 APPPATH\Views\porte_monnaie.php(23): CodeIgniter\Debug\Exceptions->errorHandler(2, 'Undefined variable $useId', 'D:\\ITU\\S4\\Systeme d\'information\\2026-05-06\\Regime_app\\app\\Views\\porte_monnaie.php', 23)
 2 SYSTEMPATH\View\View.php(240): include('D:\\ITU\\S4\\Systeme d\'information\\2026-05-06\\Regime_app\\app\\Views\\porte_monnaie.php')
 3 SYSTEMPATH\View\View.php(243): CodeIgniter\View\View->CodeIgniter\View\{closure}()
 4 SYSTEMPATH\Common.php(1250): CodeIgniter\View\View->render('porte_monnaie', [], true)
 5 APPPATH\Controllers\Transaction.php(37): view('porte_monnaie', [...])
 6 SYSTEMPATH\CodeIgniter.php(951): App\Controllers\Transaction->findOne('1')
 7 SYSTEMPATH\CodeIgniter.php(497): CodeIgniter\CodeIgniter->runController(Object(App\Controllers\Transaction))
 8 SYSTEMPATH\CodeIgniter.php(340): CodeIgniter\CodeIgniter->handleRequest(null, Object(Config\Cache), false)
 9 SYSTEMPATH\Boot.php(417): CodeIgniter\CodeIgniter->run()
10 SYSTEMPATH\Boot.php(68): CodeIgniter\Boot::runCodeIgniter(Object(CodeIgniter\CodeIgniter))
11 FCPATH\index.php(59): CodeIgniter\Boot::bootWeb(Object(Config\Paths))
CRITICAL - 2026-05-07 10:04:08 --> ErrorException: Undefined variable $userId
[Method: GET, Route: porte_monnaie/1]
in APPPATH\Views\porte_monnaie.php on line 23.
 1 APPPATH\Views\porte_monnaie.php(23): CodeIgniter\Debug\Exceptions->errorHandler(2, 'Undefined variable $userId', 'D:\\ITU\\S4\\Systeme d\'information\\2026-05-06\\Regime_app\\app\\Views\\porte_monnaie.php', 23)
 2 SYSTEMPATH\View\View.php(240): include('D:\\ITU\\S4\\Systeme d\'information\\2026-05-06\\Regime_app\\app\\Views\\porte_monnaie.php')
 3 SYSTEMPATH\View\View.php(243): CodeIgniter\View\View->CodeIgniter\View\{closure}()
 4 SYSTEMPATH\Common.php(1250): CodeIgniter\View\View->render('porte_monnaie', [], true)
 5 APPPATH\Controllers\Transaction.php(37): view('porte_monnaie', [...])
 6 SYSTEMPATH\CodeIgniter.php(951): App\Controllers\Transaction->findOne('1')
 7 SYSTEMPATH\CodeIgniter.php(497): CodeIgniter\CodeIgniter->runController(Object(App\Controllers\Transaction))
 8 SYSTEMPATH\CodeIgniter.php(340): CodeIgniter\CodeIgniter->handleRequest(null, Object(Config\Cache), false)
 9 SYSTEMPATH\Boot.php(417): CodeIgniter\CodeIgniter->run()
10 SYSTEMPATH\Boot.php(68): CodeIgniter\Boot::runCodeIgniter(Object(CodeIgniter\CodeIgniter))
11 FCPATH\index.php(59): CodeIgniter\Boot::bootWeb(Object(Config\Paths))
CRITICAL - 2026-05-07 10:04:10 --> ErrorException: Undefined variable $userId
[Method: GET, Route: porte_monnaie/1]
in APPPATH\Views\porte_monnaie.php on line 23.
 1 APPPATH\Views\porte_monnaie.php(23): CodeIgniter\Debug\Exceptions->errorHandler(2, 'Undefined variable $userId', 'D:\\ITU\\S4\\Systeme d\'information\\2026-05-06\\Regime_app\\app\\Views\\porte_monnaie.php', 23)
 2 SYSTEMPATH\View\View.php(240): include('D:\\ITU\\S4\\Systeme d\'information\\2026-05-06\\Regime_app\\app\\Views\\porte_monnaie.php')
 3 SYSTEMPATH\View\View.php(243): CodeIgniter\View\View->CodeIgniter\View\{closure}()
 4 SYSTEMPATH\Common.php(1250): CodeIgniter\View\View->render('porte_monnaie', [], true)
 5 APPPATH\Controllers\Transaction.php(37): view('porte_monnaie', [...])
 6 SYSTEMPATH\CodeIgniter.php(951): App\Controllers\Transaction->findOne('1')
 7 SYSTEMPATH\CodeIgniter.php(497): CodeIgniter\CodeIgniter->runController(Object(App\Controllers\Transaction))
 8 SYSTEMPATH\CodeIgniter.php(340): CodeIgniter\CodeIgniter->handleRequest(null, Object(Config\Cache), false)
 9 SYSTEMPATH\Boot.php(417): CodeIgniter\CodeIgniter->run()
10 SYSTEMPATH\Boot.php(68): CodeIgniter\Boot::runCodeIgniter(Object(CodeIgniter\CodeIgniter))
11 FCPATH\index.php(59): CodeIgniter\Boot::bootWeb(Object(Config\Paths))
CRITICAL - 2026-05-07 10:04:32 --> ErrorException: Undefined variable $userId
[Method: GET, Route: porte_monnaie/1]
in APPPATH\Views\porte_monnaie.php on line 23.
 1 APPPATH\Views\porte_monnaie.php(23): CodeIgniter\Debug\Exceptions->errorHandler(2, 'Undefined variable $userId', 'D:\\ITU\\S4\\Systeme d\'information\\2026-05-06\\Regime_app\\app\\Views\\porte_monnaie.php', 23)
 2 SYSTEMPATH\View\View.php(240): include('D:\\ITU\\S4\\Systeme d\'information\\2026-05-06\\Regime_app\\app\\Views\\porte_monnaie.php')
 3 SYSTEMPATH\View\View.php(243): CodeIgniter\View\View->CodeIgniter\View\{closure}()
 4 SYSTEMPATH\Common.php(1250): CodeIgniter\View\View->render('porte_monnaie', [], true)
 5 APPPATH\Controllers\Transaction.php(38): view('porte_monnaie', [...])
 6 SYSTEMPATH\CodeIgniter.php(951): App\Controllers\Transaction->findOne('1')
 7 SYSTEMPATH\CodeIgniter.php(497): CodeIgniter\CodeIgniter->runController(Object(App\Controllers\Transaction))
 8 SYSTEMPATH\CodeIgniter.php(340): CodeIgniter\CodeIgniter->handleRequest(null, Object(Config\Cache), false)
 9 SYSTEMPATH\Boot.php(417): CodeIgniter\CodeIgniter->run()
10 SYSTEMPATH\Boot.php(68): CodeIgniter\Boot::runCodeIgniter(Object(CodeIgniter\CodeIgniter))
11 FCPATH\index.php(59): CodeIgniter\Boot::bootWeb(Object(Config\Paths))
CRITICAL - 2026-05-07 10:05:18 --> ErrorException: Undefined variable $userId
[Method: GET, Route: porte_monnaie/1]
in APPPATH\Views\porte_monnaie.php on line 23.
 1 APPPATH\Views\porte_monnaie.php(23): CodeIgniter\Debug\Exceptions->errorHandler(2, 'Undefined variable $userId', 'D:\\ITU\\S4\\Systeme d\'information\\2026-05-06\\Regime_app\\app\\Views\\porte_monnaie.php', 23)
 2 SYSTEMPATH\View\View.php(240): include('D:\\ITU\\S4\\Systeme d\'information\\2026-05-06\\Regime_app\\app\\Views\\porte_monnaie.php')
 3 SYSTEMPATH\View\View.php(243): CodeIgniter\View\View->CodeIgniter\View\{closure}()
 4 SYSTEMPATH\Common.php(1250): CodeIgniter\View\View->render('porte_monnaie', [], true)
 5 APPPATH\Controllers\Transaction.php(38): view('porte_monnaie', [...])
 6 SYSTEMPATH\CodeIgniter.php(951): App\Controllers\Transaction->findOne('1')
 7 SYSTEMPATH\CodeIgniter.php(497): CodeIgniter\CodeIgniter->runController(Object(App\Controllers\Transaction))
 8 SYSTEMPATH\CodeIgniter.php(340): CodeIgniter\CodeIgniter->handleRequest(null, Object(Config\Cache), false)
 9 SYSTEMPATH\Boot.php(417): CodeIgniter\CodeIgniter->run()
10 SYSTEMPATH\Boot.php(68): CodeIgniter\Boot::runCodeIgniter(Object(CodeIgniter\CodeIgniter))
11 FCPATH\index.php(59): CodeIgniter\Boot::bootWeb(Object(Config\Paths))
CRITICAL - 2026-05-07 10:05:20 --> ErrorException: Undefined variable $userId
[Method: GET, Route: porte_monnaie/1]
in APPPATH\Views\porte_monnaie.php on line 23.
 1 APPPATH\Views\porte_monnaie.php(23): CodeIgniter\Debug\Exceptions->errorHandler(2, 'Undefined variable $userId', 'D:\\ITU\\S4\\Systeme d\'information\\2026-05-06\\Regime_app\\app\\Views\\porte_monnaie.php', 23)
 2 SYSTEMPATH\View\View.php(240): include('D:\\ITU\\S4\\Systeme d\'information\\2026-05-06\\Regime_app\\app\\Views\\porte_monnaie.php')
 3 SYSTEMPATH\View\View.php(243): CodeIgniter\View\View->CodeIgniter\View\{closure}()
 4 SYSTEMPATH\Common.php(1250): CodeIgniter\View\View->render('porte_monnaie', [], true)
 5 APPPATH\Controllers\Transaction.php(38): view('porte_monnaie', [...])
 6 SYSTEMPATH\CodeIgniter.php(951): App\Controllers\Transaction->findOne('1')
 7 SYSTEMPATH\CodeIgniter.php(497): CodeIgniter\CodeIgniter->runController(Object(App\Controllers\Transaction))
 8 SYSTEMPATH\CodeIgniter.php(340): CodeIgniter\CodeIgniter->handleRequest(null, Object(Config\Cache), false)
 9 SYSTEMPATH\Boot.php(417): CodeIgniter\CodeIgniter->run()
10 SYSTEMPATH\Boot.php(68): CodeIgniter\Boot::runCodeIgniter(Object(CodeIgniter\CodeIgniter))
11 FCPATH\index.php(59): CodeIgniter\Boot::bootWeb(Object(Config\Paths))
CRITICAL - 2026-05-07 10:05:20 --> ErrorException: Undefined variable $userId
[Method: GET, Route: porte_monnaie/1]
in APPPATH\Views\porte_monnaie.php on line 23.
 1 APPPATH\Views\porte_monnaie.php(23): CodeIgniter\Debug\Exceptions->errorHandler(2, 'Undefined variable $userId', 'D:\\ITU\\S4\\Systeme d\'information\\2026-05-06\\Regime_app\\app\\Views\\porte_monnaie.php', 23)
 2 SYSTEMPATH\View\View.php(240): include('D:\\ITU\\S4\\Systeme d\'information\\2026-05-06\\Regime_app\\app\\Views\\porte_monnaie.php')
 3 SYSTEMPATH\View\View.php(243): CodeIgniter\View\View->CodeIgniter\View\{closure}()
 4 SYSTEMPATH\Common.php(1250): CodeIgniter\View\View->render('porte_monnaie', [], true)
 5 APPPATH\Controllers\Transaction.php(38): view('porte_monnaie', [...])
 6 SYSTEMPATH\CodeIgniter.php(951): App\Controllers\Transaction->findOne('1')
 7 SYSTEMPATH\CodeIgniter.php(497): CodeIgniter\CodeIgniter->runController(Object(App\Controllers\Transaction))
 8 SYSTEMPATH\CodeIgniter.php(340): CodeIgniter\CodeIgniter->handleRequest(null, Object(Config\Cache), false)
 9 SYSTEMPATH\Boot.php(417): CodeIgniter\CodeIgniter->run()
10 SYSTEMPATH\Boot.php(68): CodeIgniter\Boot::runCodeIgniter(Object(CodeIgniter\CodeIgniter))
11 FCPATH\index.php(59): CodeIgniter\Boot::bootWeb(Object(Config\Paths))
CRITICAL - 2026-05-07 10:05:21 --> ErrorException: Undefined variable $userId
[Method: GET, Route: porte_monnaie/1]
in APPPATH\Views\porte_monnaie.php on line 23.
 1 APPPATH\Views\porte_monnaie.php(23): CodeIgniter\Debug\Exceptions->errorHandler(2, 'Undefined variable $userId', 'D:\\ITU\\S4\\Systeme d\'information\\2026-05-06\\Regime_app\\app\\Views\\porte_monnaie.php', 23)
 2 SYSTEMPATH\View\View.php(240): include('D:\\ITU\\S4\\Systeme d\'information\\2026-05-06\\Regime_app\\app\\Views\\porte_monnaie.php')
 3 SYSTEMPATH\View\View.php(243): CodeIgniter\View\View->CodeIgniter\View\{closure}()
 4 SYSTEMPATH\Common.php(1250): CodeIgniter\View\View->render('porte_monnaie', [], true)
 5 APPPATH\Controllers\Transaction.php(38): view('porte_monnaie', [...])
 6 SYSTEMPATH\CodeIgniter.php(951): App\Controllers\Transaction->findOne('1')
 7 SYSTEMPATH\CodeIgniter.php(497): CodeIgniter\CodeIgniter->runController(Object(App\Controllers\Transaction))
 8 SYSTEMPATH\CodeIgniter.php(340): CodeIgniter\CodeIgniter->handleRequest(null, Object(Config\Cache), false)
 9 SYSTEMPATH\Boot.php(417): CodeIgniter\CodeIgniter->run()
10 SYSTEMPATH\Boot.php(68): CodeIgniter\Boot::runCodeIgniter(Object(CodeIgniter\CodeIgniter))
11 FCPATH\index.php(59): CodeIgniter\Boot::bootWeb(Object(Config\Paths))
CRITICAL - 2026-05-07 10:08:27 --> ErrorException: Undefined variable $userId
[Method: GET, Route: porte_monnaie/1]
in APPPATH\Views\porte_monnaie.php on line 23.
 1 APPPATH\Views\porte_monnaie.php(23): CodeIgniter\Debug\Exceptions->errorHandler(2, 'Undefined variable $userId', 'D:\\ITU\\S4\\Systeme d\'information\\2026-05-06\\Regime_app\\app\\Views\\porte_monnaie.php', 23)
 2 SYSTEMPATH\View\View.php(240): include('D:\\ITU\\S4\\Systeme d\'information\\2026-05-06\\Regime_app\\app\\Views\\porte_monnaie.php')
 3 SYSTEMPATH\View\View.php(243): CodeIgniter\View\View->CodeIgniter\View\{closure}()
 4 SYSTEMPATH\Common.php(1250): CodeIgniter\View\View->render('porte_monnaie', [], true)
 5 APPPATH\Controllers\Transaction.php(38): view('porte_monnaie', [...])
 6 SYSTEMPATH\CodeIgniter.php(951): App\Controllers\Transaction->findOne('1')
 7 SYSTEMPATH\CodeIgniter.php(497): CodeIgniter\CodeIgniter->runController(Object(App\Controllers\Transaction))
 8 SYSTEMPATH\CodeIgniter.php(340): CodeIgniter\CodeIgniter->handleRequest(null, Object(Config\Cache), false)
 9 SYSTEMPATH\Boot.php(417): CodeIgniter\CodeIgniter->run()
10 SYSTEMPATH\Boot.php(68): CodeIgniter\Boot::runCodeIgniter(Object(CodeIgniter\CodeIgniter))
11 FCPATH\index.php(59): CodeIgniter\Boot::bootWeb(Object(Config\Paths))
ERROR - 2026-05-07 16:48:29 --> Error connecting to the database: mysqli_sql_exception: Aucune connexion n’a pu être établie car l’ordinateur cible l’a expressément refusée in D:\ITU\S4\Systeme d'information\2026-05-06\Regime_app\system\Database\MySQLi\Connection.php:201
Stack trace:
#0 D:\ITU\S4\Systeme d'information\2026-05-06\Regime_app\system\Database\MySQLi\Connection.php(201): mysqli->real_connect('localhost', 'root', Object(SensitiveParameterValue), 'regime_db', 3306, '', 0)
#1 D:\ITU\S4\Systeme d'information\2026-05-06\Regime_app\system\Database\BaseConnection.php(555): CodeIgniter\Database\MySQLi\Connection->connect(false)
#2 D:\ITU\S4\Systeme d'information\2026-05-06\Regime_app\system\Database\BaseConnection.php(795): CodeIgniter\Database\BaseConnection->initialize()
#3 D:\ITU\S4\Systeme d'information\2026-05-06\Regime_app\system\Database\BaseBuilder.php(1649): CodeIgniter\Database\BaseConnection->query('SELECT *\nFROM `...', Array, false)
#4 D:\ITU\S4\Systeme d'information\2026-05-06\Regime_app\system\Model.php(295): CodeIgniter\Database\BaseBuilder->get()
#5 D:\ITU\S4\Systeme d'information\2026-05-06\Regime_app\system\BaseModel.php(714): CodeIgniter\Model->doFirst()
#6 D:\ITU\S4\Systeme d'information\2026-05-06\Regime_app\app\Controllers\Home.php(19): CodeIgniter\BaseModel->first()
#7 D:\ITU\S4\Systeme d'information\2026-05-06\Regime_app\system\CodeIgniter.php(951): App\Controllers\Home->login()
#8 D:\ITU\S4\Systeme d'information\2026-05-06\Regime_app\system\CodeIgniter.php(497): CodeIgniter\CodeIgniter->runController(Object(App\Controllers\Home))
#9 D:\ITU\S4\Systeme d'information\2026-05-06\Regime_app\system\CodeIgniter.php(340): CodeIgniter\CodeIgniter->handleRequest(NULL, Object(Config\Cache), false)
#10 D:\ITU\S4\Systeme d'information\2026-05-06\Regime_app\system\Boot.php(417): CodeIgniter\CodeIgniter->run()
#11 D:\ITU\S4\Systeme d'information\2026-05-06\Regime_app\system\Boot.php(68): CodeIgniter\Boot::runCodeIgniter(Object(CodeIgniter\CodeIgniter))
#12 D:\ITU\S4\Systeme d'information\2026-05-06\Regime_app\public\index.php(59): CodeIgniter\Boot::bootWeb(Object(Config\Paths))
#13 {main}

Next CodeIgniter\Database\Exceptions\DatabaseException: Aucune connexion n’a pu être établie car l’ordinateur cible l’a expressément refusée in D:\ITU\S4\Systeme d'information\2026-05-06\Regime_app\system\Database\MySQLi\Connection.php:231
Stack trace:
#0 D:\ITU\S4\Systeme d'information\2026-05-06\Regime_app\system\Database\BaseConnection.php(555): CodeIgniter\Database\MySQLi\Connection->connect(false)
#1 D:\ITU\S4\Systeme d'information\2026-05-06\Regime_app\system\Database\BaseConnection.php(795): CodeIgniter\Database\BaseConnection->initialize()
#2 D:\ITU\S4\Systeme d'information\2026-05-06\Regime_app\system\Database\BaseBuilder.php(1649): CodeIgniter\Database\BaseConnection->query('SELECT *\nFROM `...', Array, false)
#3 D:\ITU\S4\Systeme d'information\2026-05-06\Regime_app\system\Model.php(295): CodeIgniter\Database\BaseBuilder->get()
#4 D:\ITU\S4\Systeme d'information\2026-05-06\Regime_app\system\BaseModel.php(714): CodeIgniter\Model->doFirst()
#5 D:\ITU\S4\Systeme d'information\2026-05-06\Regime_app\app\Controllers\Home.php(19): CodeIgniter\BaseModel->first()
#6 D:\ITU\S4\Systeme d'information\2026-05-06\Regime_app\system\CodeIgniter.php(951): App\Controllers\Home->login()
#7 D:\ITU\S4\Systeme d'information\2026-05-06\Regime_app\system\CodeIgniter.php(497): CodeIgniter\CodeIgniter->runController(Object(App\Controllers\Home))
#8 D:\ITU\S4\Systeme d'information\2026-05-06\Regime_app\system\CodeIgniter.php(340): CodeIgniter\CodeIgniter->handleRequest(NULL, Object(Config\Cache), false)
#9 D:\ITU\S4\Systeme d'information\2026-05-06\Regime_app\system\Boot.php(417): CodeIgniter\CodeIgniter->run()
#10 D:\ITU\S4\Systeme d'information\2026-05-06\Regime_app\system\Boot.php(68): CodeIgniter\Boot::runCodeIgniter(Object(CodeIgniter\CodeIgniter))
#11 D:\ITU\S4\Systeme d'information\2026-05-06\Regime_app\public\index.php(59): CodeIgniter\Boot::bootWeb(Object(Config\Paths))
#12 {main}
CRITICAL - 2026-05-07 16:48:29 --> CodeIgniter\Database\Exceptions\DatabaseException: Unable to connect to the database.
Main connection [MySQLi]: Aucune connexion n’a pu être établie car l’ordinateur cible l’a expressément refusée
[Method: POST, Route: singIn]
in SYSTEMPATH\Database\BaseConnection.php on line 606.
 1 SYSTEMPATH\Database\BaseConnection.php(795): CodeIgniter\Database\BaseConnection->initialize()
 2 SYSTEMPATH\Database\BaseBuilder.php(1649): CodeIgniter\Database\BaseConnection->query('SELECT *
FROM `users`
WHERE `email` = :email:
 LIMIT 1', [...], false)
 3 SYSTEMPATH\Model.php(295): CodeIgniter\Database\BaseBuilder->get()
 4 SYSTEMPATH\BaseModel.php(714): CodeIgniter\Model->doFirst()
 5 APPPATH\Controllers\Home.php(19): CodeIgniter\BaseModel->first()
 6 SYSTEMPATH\CodeIgniter.php(951): App\Controllers\Home->login()
 7 SYSTEMPATH\CodeIgniter.php(497): CodeIgniter\CodeIgniter->runController(Object(App\Controllers\Home))
 8 SYSTEMPATH\CodeIgniter.php(340): CodeIgniter\CodeIgniter->handleRequest(null, Object(Config\Cache), false)
 9 SYSTEMPATH\Boot.php(417): CodeIgniter\CodeIgniter->run()
10 SYSTEMPATH\Boot.php(68): CodeIgniter\Boot::runCodeIgniter(Object(CodeIgniter\CodeIgniter))
11 FCPATH\index.php(59): CodeIgniter\Boot::bootWeb(Object(Config\Paths))
