ERROR - 2026-05-11 10:11:11 --> Error connecting to the database: mysqli_sql_exception: Aucune connexion n’a pu être établie car l’ordinateur cible l’a expressément refusée in D:\ITU\S4\Systeme d'information\2026-05-06\Regime_app\system\Database\MySQLi\Connection.php:201
Stack trace:
#0 D:\ITU\S4\Systeme d'information\2026-05-06\Regime_app\system\Database\MySQLi\Connection.php(201): mysqli->real_connect('localhost', 'root', Object(SensitiveParameterValue), 'regime_db', 3306, '', 0)
#1 D:\ITU\S4\Systeme d'information\2026-05-06\Regime_app\system\Database\BaseConnection.php(555): CodeIgniter\Database\MySQLi\Connection->connect(false)
#2 D:\ITU\S4\Systeme d'information\2026-05-06\Regime_app\system\Database\BaseConnection.php(795): CodeIgniter\Database\BaseConnection->initialize()
#3 D:\ITU\S4\Systeme d'information\2026-05-06\Regime_app\system\Database\BaseBuilder.php(1649): CodeIgniter\Database\BaseConnection->query('SELECT *\nFROM `...', Array, false)
#4 D:\ITU\S4\Systeme d'information\2026-05-06\Regime_app\system\Model.php(295): CodeIgniter\Database\BaseBuilder->get()
#5 D:\ITU\S4\Systeme d'information\2026-05-06\Regime_app\system\BaseModel.php(714): CodeIgniter\Model->doFirst()
#6 D:\ITU\S4\Systeme d'information\2026-05-06\Regime_app\app\Controllers\Home.php(16): CodeIgniter\BaseModel->first()
#7 D:\ITU\S4\Systeme d'information\2026-05-06\Regime_app\system\CodeIgniter.php(951): App\Controllers\Home->login()
#8 D:\ITU\S4\Systeme d'information\2026-05-06\Regime_app\system\CodeIgniter.php(497): CodeIgniter\CodeIgniter->runController(Object(App\Controllers\Home))
#9 D:\ITU\S4\Systeme d'information\2026-05-06\Regime_app\system\CodeIgniter.php(340): CodeIgniter\CodeIgniter->handleRequest(NULL, Object(Config\Cache), false)
#10 D:\ITU\S4\Systeme d'information\2026-05-06\Regime_app\system\Boot.php(417): CodeIgniter\CodeIgniter->run()
#11 D:\ITU\S4\Systeme d'information\2026-05-06\Regime_app\system\Boot.php(68): CodeIgniter\Boot::runCodeIgniter(Object(CodeIgniter\CodeIgniter))
#12 D:\ITU\S4\Systeme d'information\2026-05-06\Regime_app\public\index.php(59): CodeIgniter\Boot::bootWeb(Object(Config\Paths))
#13 {main}

Next CodeIgniter\Database\Exceptions\DatabaseException: Aucune connexion n’a pu être établie car l’ordinateur cible l’a expressément refusée in D:\ITU\S4\Systeme d'information\2026-05-06\Regime_app\system\Database\MySQLi\Connection.php:231
Stack trace:
#0 D:\ITU\S4\Systeme d'information\2026-05-06\Regime_app\system\Database\BaseConnection.php(555): CodeIgniter\Database\MySQLi\Connection->connect(false)
#1 D:\ITU\S4\Systeme d'information\2026-05-06\Regime_app\system\Database\BaseConnection.php(795): CodeIgniter\Database\BaseConnection->initialize()
#2 D:\ITU\S4\Systeme d'information\2026-05-06\Regime_app\system\Database\BaseBuilder.php(1649): CodeIgniter\Database\BaseConnection->query('SELECT *\nFROM `...', Array, false)
#3 D:\ITU\S4\Systeme d'information\2026-05-06\Regime_app\system\Model.php(295): CodeIgniter\Database\BaseBuilder->get()
#4 D:\ITU\S4\Systeme d'information\2026-05-06\Regime_app\system\BaseModel.php(714): CodeIgniter\Model->doFirst()
#5 D:\ITU\S4\Systeme d'information\2026-05-06\Regime_app\app\Controllers\Home.php(16): CodeIgniter\BaseModel->first()
#6 D:\ITU\S4\Systeme d'information\2026-05-06\Regime_app\system\CodeIgniter.php(951): App\Controllers\Home->login()
#7 D:\ITU\S4\Systeme d'information\2026-05-06\Regime_app\system\CodeIgniter.php(497): CodeIgniter\CodeIgniter->runController(Object(App\Controllers\Home))
#8 D:\ITU\S4\Systeme d'information\2026-05-06\Regime_app\system\CodeIgniter.php(340): CodeIgniter\CodeIgniter->handleRequest(NULL, Object(Config\Cache), false)
#9 D:\ITU\S4\Systeme d'information\2026-05-06\Regime_app\system\Boot.php(417): CodeIgniter\CodeIgniter->run()
#10 D:\ITU\S4\Systeme d'information\2026-05-06\Regime_app\system\Boot.php(68): CodeIgniter\Boot::runCodeIgniter(Object(CodeIgniter\CodeIgniter))
#11 D:\ITU\S4\Systeme d'information\2026-05-06\Regime_app\public\index.php(59): CodeIgniter\Boot::bootWeb(Object(Config\Paths))
#12 {main}
CRITICAL - 2026-05-11 10:11:11 --> CodeIgniter\Database\Exceptions\DatabaseException: Unable to connect to the database.
Main connection [MySQLi]: Aucune connexion n’a pu être établie car l’ordinateur cible l’a expressément refusée
[Method: POST, Route: singIn]
in SYSTEMPATH\Database\BaseConnection.php on line 606.
 1 SYSTEMPATH\Database\BaseConnection.php(795): CodeIgniter\Database\BaseConnection->initialize()
 2 SYSTEMPATH\Database\BaseBuilder.php(1649): CodeIgniter\Database\BaseConnection->query('SELECT *
FROM `users`
WHERE `email` = :email:
 LIMIT 1', [...], false)
 3 SYSTEMPATH\Model.php(295): CodeIgniter\Database\BaseBuilder->get()
 4 SYSTEMPATH\BaseModel.php(714): CodeIgniter\Model->doFirst()
 5 APPPATH\Controllers\Home.php(16): CodeIgniter\BaseModel->first()
 6 SYSTEMPATH\CodeIgniter.php(951): App\Controllers\Home->login()
 7 SYSTEMPATH\CodeIgniter.php(497): CodeIgniter\CodeIgniter->runController(Object(App\Controllers\Home))
 8 SYSTEMPATH\CodeIgniter.php(340): CodeIgniter\CodeIgniter->handleRequest(null, Object(Config\Cache), false)
 9 SYSTEMPATH\Boot.php(417): CodeIgniter\CodeIgniter->run()
10 SYSTEMPATH\Boot.php(68): CodeIgniter\Boot::runCodeIgniter(Object(CodeIgniter\CodeIgniter))
11 FCPATH\index.php(59): CodeIgniter\Boot::bootWeb(Object(Config\Paths))
ERROR - 2026-05-11 10:14:27 --> Error connecting to the database: mysqli_sql_exception: Aucune connexion n’a pu être établie car l’ordinateur cible l’a expressément refusée in D:\ITU\S4\Systeme d'information\2026-05-06\Regime_app\system\Database\MySQLi\Connection.php:201
Stack trace:
#0 D:\ITU\S4\Systeme d'information\2026-05-06\Regime_app\system\Database\MySQLi\Connection.php(201): mysqli->real_connect('localhost', 'root', Object(SensitiveParameterValue), 'regime_db', 3306, '', 0)
#1 D:\ITU\S4\Systeme d'information\2026-05-06\Regime_app\system\Database\BaseConnection.php(555): CodeIgniter\Database\MySQLi\Connection->connect(false)
#2 D:\ITU\S4\Systeme d'information\2026-05-06\Regime_app\system\Database\BaseConnection.php(795): CodeIgniter\Database\BaseConnection->initialize()
#3 D:\ITU\S4\Systeme d'information\2026-05-06\Regime_app\system\Database\BaseBuilder.php(1649): CodeIgniter\Database\BaseConnection->query('SELECT *\nFROM `...', Array, false)
#4 D:\ITU\S4\Systeme d'information\2026-05-06\Regime_app\system\Model.php(295): CodeIgniter\Database\BaseBuilder->get()
#5 D:\ITU\S4\Systeme d'information\2026-05-06\Regime_app\system\BaseModel.php(714): CodeIgniter\Model->doFirst()
#6 D:\ITU\S4\Systeme d'information\2026-05-06\Regime_app\app\Controllers\Home.php(16): CodeIgniter\BaseModel->first()
#7 D:\ITU\S4\Systeme d'information\2026-05-06\Regime_app\system\CodeIgniter.php(951): App\Controllers\Home->login()
#8 D:\ITU\S4\Systeme d'information\2026-05-06\Regime_app\system\CodeIgniter.php(497): CodeIgniter\CodeIgniter->runController(Object(App\Controllers\Home))
#9 D:\ITU\S4\Systeme d'information\2026-05-06\Regime_app\system\CodeIgniter.php(340): CodeIgniter\CodeIgniter->handleRequest(NULL, Object(Config\Cache), false)
#10 D:\ITU\S4\Systeme d'information\2026-05-06\Regime_app\system\Boot.php(417): CodeIgniter\CodeIgniter->run()
#11 D:\ITU\S4\Systeme d'information\2026-05-06\Regime_app\system\Boot.php(68): CodeIgniter\Boot::runCodeIgniter(Object(CodeIgniter\CodeIgniter))
#12 D:\ITU\S4\Systeme d'information\2026-05-06\Regime_app\public\index.php(59): CodeIgniter\Boot::bootWeb(Object(Config\Paths))
#13 {main}

Next CodeIgniter\Database\Exceptions\DatabaseException: Aucune connexion n’a pu être établie car l’ordinateur cible l’a expressément refusée in D:\ITU\S4\Systeme d'information\2026-05-06\Regime_app\system\Database\MySQLi\Connection.php:231
Stack trace:
#0 D:\ITU\S4\Systeme d'information\2026-05-06\Regime_app\system\Database\BaseConnection.php(555): CodeIgniter\Database\MySQLi\Connection->connect(false)
#1 D:\ITU\S4\Systeme d'information\2026-05-06\Regime_app\system\Database\BaseConnection.php(795): CodeIgniter\Database\BaseConnection->initialize()
#2 D:\ITU\S4\Systeme d'information\2026-05-06\Regime_app\system\Database\BaseBuilder.php(1649): CodeIgniter\Database\BaseConnection->query('SELECT *\nFROM `...', Array, false)
#3 D:\ITU\S4\Systeme d'information\2026-05-06\Regime_app\system\Model.php(295): CodeIgniter\Database\BaseBuilder->get()
#4 D:\ITU\S4\Systeme d'information\2026-05-06\Regime_app\system\BaseModel.php(714): CodeIgniter\Model->doFirst()
#5 D:\ITU\S4\Systeme d'information\2026-05-06\Regime_app\app\Controllers\Home.php(16): CodeIgniter\BaseModel->first()
#6 D:\ITU\S4\Systeme d'information\2026-05-06\Regime_app\system\CodeIgniter.php(951): App\Controllers\Home->login()
#7 D:\ITU\S4\Systeme d'information\2026-05-06\Regime_app\system\CodeIgniter.php(497): CodeIgniter\CodeIgniter->runController(Object(App\Controllers\Home))
#8 D:\ITU\S4\Systeme d'information\2026-05-06\Regime_app\system\CodeIgniter.php(340): CodeIgniter\CodeIgniter->handleRequest(NULL, Object(Config\Cache), false)
#9 D:\ITU\S4\Systeme d'information\2026-05-06\Regime_app\system\Boot.php(417): CodeIgniter\CodeIgniter->run()
#10 D:\ITU\S4\Systeme d'information\2026-05-06\Regime_app\system\Boot.php(68): CodeIgniter\Boot::runCodeIgniter(Object(CodeIgniter\CodeIgniter))
#11 D:\ITU\S4\Systeme d'information\2026-05-06\Regime_app\public\index.php(59): CodeIgniter\Boot::bootWeb(Object(Config\Paths))
#12 {main}
CRITICAL - 2026-05-11 10:14:27 --> CodeIgniter\Database\Exceptions\DatabaseException: Unable to connect to the database.
Main connection [MySQLi]: Aucune connexion n’a pu être établie car l’ordinateur cible l’a expressément refusée
[Method: POST, Route: singIn]
in SYSTEMPATH\Database\BaseConnection.php on line 606.
 1 SYSTEMPATH\Database\BaseConnection.php(795): CodeIgniter\Database\BaseConnection->initialize()
 2 SYSTEMPATH\Database\BaseBuilder.php(1649): CodeIgniter\Database\BaseConnection->query('SELECT *
FROM `users`
WHERE `email` = :email:
 LIMIT 1', [...], false)
 3 SYSTEMPATH\Model.php(295): CodeIgniter\Database\BaseBuilder->get()
 4 SYSTEMPATH\BaseModel.php(714): CodeIgniter\Model->doFirst()
 5 APPPATH\Controllers\Home.php(16): CodeIgniter\BaseModel->first()
 6 SYSTEMPATH\CodeIgniter.php(951): App\Controllers\Home->login()
 7 SYSTEMPATH\CodeIgniter.php(497): CodeIgniter\CodeIgniter->runController(Object(App\Controllers\Home))
 8 SYSTEMPATH\CodeIgniter.php(340): CodeIgniter\CodeIgniter->handleRequest(null, Object(Config\Cache), false)
 9 SYSTEMPATH\Boot.php(417): CodeIgniter\CodeIgniter->run()
10 SYSTEMPATH\Boot.php(68): CodeIgniter\Boot::runCodeIgniter(Object(CodeIgniter\CodeIgniter))
11 FCPATH\index.php(59): CodeIgniter\Boot::bootWeb(Object(Config\Paths))
ERROR - 2026-05-11 10:14:49 --> Error connecting to the database: mysqli_sql_exception: Aucune connexion n’a pu être établie car l’ordinateur cible l’a expressément refusée in D:\ITU\S4\Systeme d'information\2026-05-06\Regime_app\system\Database\MySQLi\Connection.php:201
Stack trace:
#0 D:\ITU\S4\Systeme d'information\2026-05-06\Regime_app\system\Database\MySQLi\Connection.php(201): mysqli->real_connect('localhost', 'root', Object(SensitiveParameterValue), 'regime_db', 3306, '', 0)
#1 D:\ITU\S4\Systeme d'information\2026-05-06\Regime_app\system\Database\BaseConnection.php(555): CodeIgniter\Database\MySQLi\Connection->connect(false)
#2 D:\ITU\S4\Systeme d'information\2026-05-06\Regime_app\system\Database\BaseConnection.php(795): CodeIgniter\Database\BaseConnection->initialize()
#3 D:\ITU\S4\Systeme d'information\2026-05-06\Regime_app\system\Database\BaseBuilder.php(1649): CodeIgniter\Database\BaseConnection->query('SELECT *\nFROM `...', Array, false)
#4 D:\ITU\S4\Systeme d'information\2026-05-06\Regime_app\system\Model.php(295): CodeIgniter\Database\BaseBuilder->get()
#5 D:\ITU\S4\Systeme d'information\2026-05-06\Regime_app\system\BaseModel.php(714): CodeIgniter\Model->doFirst()
#6 D:\ITU\S4\Systeme d'information\2026-05-06\Regime_app\app\Controllers\Home.php(16): CodeIgniter\BaseModel->first()
#7 D:\ITU\S4\Systeme d'information\2026-05-06\Regime_app\system\CodeIgniter.php(951): App\Controllers\Home->login()
#8 D:\ITU\S4\Systeme d'information\2026-05-06\Regime_app\system\CodeIgniter.php(497): CodeIgniter\CodeIgniter->runController(Object(App\Controllers\Home))
#9 D:\ITU\S4\Systeme d'information\2026-05-06\Regime_app\system\CodeIgniter.php(340): CodeIgniter\CodeIgniter->handleRequest(NULL, Object(Config\Cache), false)
#10 D:\ITU\S4\Systeme d'information\2026-05-06\Regime_app\system\Boot.php(417): CodeIgniter\CodeIgniter->run()
#11 D:\ITU\S4\Systeme d'information\2026-05-06\Regime_app\system\Boot.php(68): CodeIgniter\Boot::runCodeIgniter(Object(CodeIgniter\CodeIgniter))
#12 D:\ITU\S4\Systeme d'information\2026-05-06\Regime_app\public\index.php(59): CodeIgniter\Boot::bootWeb(Object(Config\Paths))
#13 {main}

Next CodeIgniter\Database\Exceptions\DatabaseException: Aucune connexion n’a pu être établie car l’ordinateur cible l’a expressément refusée in D:\ITU\S4\Systeme d'information\2026-05-06\Regime_app\system\Database\MySQLi\Connection.php:231
Stack trace:
#0 D:\ITU\S4\Systeme d'information\2026-05-06\Regime_app\system\Database\BaseConnection.php(555): CodeIgniter\Database\MySQLi\Connection->connect(false)
#1 D:\ITU\S4\Systeme d'information\2026-05-06\Regime_app\system\Database\BaseConnection.php(795): CodeIgniter\Database\BaseConnection->initialize()
#2 D:\ITU\S4\Systeme d'information\2026-05-06\Regime_app\system\Database\BaseBuilder.php(1649): CodeIgniter\Database\BaseConnection->query('SELECT *\nFROM `...', Array, false)
#3 D:\ITU\S4\Systeme d'information\2026-05-06\Regime_app\system\Model.php(295): CodeIgniter\Database\BaseBuilder->get()
#4 D:\ITU\S4\Systeme d'information\2026-05-06\Regime_app\system\BaseModel.php(714): CodeIgniter\Model->doFirst()
#5 D:\ITU\S4\Systeme d'information\2026-05-06\Regime_app\app\Controllers\Home.php(16): CodeIgniter\BaseModel->first()
#6 D:\ITU\S4\Systeme d'information\2026-05-06\Regime_app\system\CodeIgniter.php(951): App\Controllers\Home->login()
#7 D:\ITU\S4\Systeme d'information\2026-05-06\Regime_app\system\CodeIgniter.php(497): CodeIgniter\CodeIgniter->runController(Object(App\Controllers\Home))
#8 D:\ITU\S4\Systeme d'information\2026-05-06\Regime_app\system\CodeIgniter.php(340): CodeIgniter\CodeIgniter->handleRequest(NULL, Object(Config\Cache), false)
#9 D:\ITU\S4\Systeme d'information\2026-05-06\Regime_app\system\Boot.php(417): CodeIgniter\CodeIgniter->run()
#10 D:\ITU\S4\Systeme d'information\2026-05-06\Regime_app\system\Boot.php(68): CodeIgniter\Boot::runCodeIgniter(Object(CodeIgniter\CodeIgniter))
#11 D:\ITU\S4\Systeme d'information\2026-05-06\Regime_app\public\index.php(59): CodeIgniter\Boot::bootWeb(Object(Config\Paths))
#12 {main}
CRITICAL - 2026-05-11 10:14:49 --> CodeIgniter\Database\Exceptions\DatabaseException: Unable to connect to the database.
Main connection [MySQLi]: Aucune connexion n’a pu être établie car l’ordinateur cible l’a expressément refusée
[Method: POST, Route: singIn]
in SYSTEMPATH\Database\BaseConnection.php on line 606.
 1 SYSTEMPATH\Database\BaseConnection.php(795): CodeIgniter\Database\BaseConnection->initialize()
 2 SYSTEMPATH\Database\BaseBuilder.php(1649): CodeIgniter\Database\BaseConnection->query('SELECT *
FROM `users`
WHERE `email` = :email:
 LIMIT 1', [...], false)
 3 SYSTEMPATH\Model.php(295): CodeIgniter\Database\BaseBuilder->get()
 4 SYSTEMPATH\BaseModel.php(714): CodeIgniter\Model->doFirst()
 5 APPPATH\Controllers\Home.php(16): CodeIgniter\BaseModel->first()
 6 SYSTEMPATH\CodeIgniter.php(951): App\Controllers\Home->login()
 7 SYSTEMPATH\CodeIgniter.php(497): CodeIgniter\CodeIgniter->runController(Object(App\Controllers\Home))
 8 SYSTEMPATH\CodeIgniter.php(340): CodeIgniter\CodeIgniter->handleRequest(null, Object(Config\Cache), false)
 9 SYSTEMPATH\Boot.php(417): CodeIgniter\CodeIgniter->run()
10 SYSTEMPATH\Boot.php(68): CodeIgniter\Boot::runCodeIgniter(Object(CodeIgniter\CodeIgniter))
11 FCPATH\index.php(59): CodeIgniter\Boot::bootWeb(Object(Config\Paths))
CRITICAL - 2026-05-11 11:21:24 --> Error: Class "App\Controllers\UserModel" not found
[Method: GET, Route: profil]
in APPPATH\Controllers\User.php on line 21.
 1 SYSTEMPATH\CodeIgniter.php(951): App\Controllers\User->profil()
 2 SYSTEMPATH\CodeIgniter.php(497): CodeIgniter\CodeIgniter->runController(Object(App\Controllers\User))
 3 SYSTEMPATH\CodeIgniter.php(340): CodeIgniter\CodeIgniter->handleRequest(null, Object(Config\Cache), false)
 4 SYSTEMPATH\Boot.php(417): CodeIgniter\CodeIgniter->run()
 5 SYSTEMPATH\Boot.php(68): CodeIgniter\Boot::runCodeIgniter(Object(CodeIgniter\CodeIgniter))
 6 FCPATH\index.php(59): CodeIgniter\Boot::bootWeb(Object(Config\Paths))
CRITICAL - 2026-05-11 11:22:37 --> Error: Class "App\Controllers\UserDetailModel" not found
[Method: GET, Route: profil]
in APPPATH\Controllers\User.php on line 22.
 1 SYSTEMPATH\CodeIgniter.php(951): App\Controllers\User->profil()
 2 SYSTEMPATH\CodeIgniter.php(497): CodeIgniter\CodeIgniter->runController(Object(App\Controllers\User))
 3 SYSTEMPATH\CodeIgniter.php(340): CodeIgniter\CodeIgniter->handleRequest(null, Object(Config\Cache), false)
 4 SYSTEMPATH\Boot.php(417): CodeIgniter\CodeIgniter->run()
 5 SYSTEMPATH\Boot.php(68): CodeIgniter\Boot::runCodeIgniter(Object(CodeIgniter\CodeIgniter))
 6 FCPATH\index.php(59): CodeIgniter\Boot::bootWeb(Object(Config\Paths))
CRITICAL - 2026-05-11 11:42:48 --> ErrorException: preg_match(): Compilation failed: missing closing parenthesis at offset 22
[Method: GET, Route: gold]
in SYSTEMPATH\Router\Router.php on line 463.
 1 [internal function]: CodeIgniter\Debug\Exceptions->errorHandler(2, 'preg_match(): Compilation failed: missing closing parenthesis at offset 22', 'D:\\ITU\\S4\\Systeme d\'information\\2026-05-06\\Regime_app\\system\\Router\\Router.php', 463)
 2 SYSTEMPATH\Router\Router.php(463): preg_match('#^codes/delete/([0-9]+$#u', 'gold', [])
 3 SYSTEMPATH\Router\Router.php(225): CodeIgniter\Router\Router->checkRoutes('gold')
 4 SYSTEMPATH\CodeIgniter.php(829): CodeIgniter\Router\Router->handle('gold')
 5 SYSTEMPATH\CodeIgniter.php(441): CodeIgniter\CodeIgniter->tryToRouteIt(Object(CodeIgniter\Router\RouteCollection))
 6 SYSTEMPATH\CodeIgniter.php(340): CodeIgniter\CodeIgniter->handleRequest(null, Object(Config\Cache), false)
 7 SYSTEMPATH\Boot.php(417): CodeIgniter\CodeIgniter->run()
 8 SYSTEMPATH\Boot.php(68): CodeIgniter\Boot::runCodeIgniter(Object(CodeIgniter\CodeIgniter))
 9 FCPATH\index.php(59): CodeIgniter\Boot::bootWeb(Object(Config\Paths))
CRITICAL - 2026-05-11 11:43:17 --> ErrorException: preg_match(): Compilation failed: missing closing parenthesis at offset 22
[Method: GET, Route: gold]
in SYSTEMPATH\Router\Router.php on line 463.
 1 [internal function]: CodeIgniter\Debug\Exceptions->errorHandler(2, 'preg_match(): Compilation failed: missing closing parenthesis at offset 22', 'D:\\ITU\\S4\\Systeme d\'information\\2026-05-06\\Regime_app\\system\\Router\\Router.php', 463)
 2 SYSTEMPATH\Router\Router.php(463): preg_match('#^codes/delete/([0-9]+$#u', 'gold', [])
 3 SYSTEMPATH\Router\Router.php(225): CodeIgniter\Router\Router->checkRoutes('gold')
 4 SYSTEMPATH\CodeIgniter.php(829): CodeIgniter\Router\Router->handle('gold')
 5 SYSTEMPATH\CodeIgniter.php(441): CodeIgniter\CodeIgniter->tryToRouteIt(Object(CodeIgniter\Router\RouteCollection))
 6 SYSTEMPATH\CodeIgniter.php(340): CodeIgniter\CodeIgniter->handleRequest(null, Object(Config\Cache), false)
 7 SYSTEMPATH\Boot.php(417): CodeIgniter\CodeIgniter->run()
 8 SYSTEMPATH\Boot.php(68): CodeIgniter\Boot::runCodeIgniter(Object(CodeIgniter\CodeIgniter))
 9 FCPATH\index.php(59): CodeIgniter\Boot::bootWeb(Object(Config\Paths))
CRITICAL - 2026-05-11 11:48:39 --> ErrorException: preg_match(): Compilation failed: missing closing parenthesis at offset 22
[Method: GET, Route: codes/delete/15]
in SYSTEMPATH\Router\Router.php on line 463.
 1 [internal function]: CodeIgniter\Debug\Exceptions->errorHandler(2, 'preg_match(): Compilation failed: missing closing parenthesis at offset 22', 'D:\\ITU\\S4\\Systeme d\'information\\2026-05-06\\Regime_app\\system\\Router\\Router.php', 463)
 2 SYSTEMPATH\Router\Router.php(463): preg_match('#^codes/delete/([0-9]+$#u', 'codes/delete/15', [])
 3 SYSTEMPATH\Router\Router.php(225): CodeIgniter\Router\Router->checkRoutes('codes/delete/15')
 4 SYSTEMPATH\CodeIgniter.php(829): CodeIgniter\Router\Router->handle('codes/delete/15')
 5 SYSTEMPATH\CodeIgniter.php(441): CodeIgniter\CodeIgniter->tryToRouteIt(Object(CodeIgniter\Router\RouteCollection))
 6 SYSTEMPATH\CodeIgniter.php(340): CodeIgniter\CodeIgniter->handleRequest(null, Object(Config\Cache), false)
 7 SYSTEMPATH\Boot.php(417): CodeIgniter\CodeIgniter->run()
 8 SYSTEMPATH\Boot.php(68): CodeIgniter\Boot::runCodeIgniter(Object(CodeIgniter\CodeIgniter))
 9 FCPATH\index.php(59): CodeIgniter\Boot::bootWeb(Object(Config\Paths))
ERROR - 2026-05-11 14:53:33 --> Error connecting to the database: mysqli_sql_exception: Aucune connexion n’a pu être établie car l’ordinateur cible l’a expressément refusée in D:\ITU\S4\Systeme d'information\2026-05-06\Regime_app\system\Database\MySQLi\Connection.php:201
Stack trace:
#0 D:\ITU\S4\Systeme d'information\2026-05-06\Regime_app\system\Database\MySQLi\Connection.php(201): mysqli->real_connect('localhost', 'root', Object(SensitiveParameterValue), 'regime_db', 3306, '', 0)
#1 D:\ITU\S4\Systeme d'information\2026-05-06\Regime_app\system\Database\BaseConnection.php(555): CodeIgniter\Database\MySQLi\Connection->connect(false)
#2 D:\ITU\S4\Systeme d'information\2026-05-06\Regime_app\system\Database\BaseConnection.php(795): CodeIgniter\Database\BaseConnection->initialize()
#3 D:\ITU\S4\Systeme d'information\2026-05-06\Regime_app\system\Database\BaseBuilder.php(1649): CodeIgniter\Database\BaseConnection->query('SELECT *\nFROM `...', Array, false)
#4 D:\ITU\S4\Systeme d'information\2026-05-06\Regime_app\system\Model.php(295): CodeIgniter\Database\BaseBuilder->get()
#5 D:\ITU\S4\Systeme d'information\2026-05-06\Regime_app\system\BaseModel.php(714): CodeIgniter\Model->doFirst()
#6 D:\ITU\S4\Systeme d'information\2026-05-06\Regime_app\app\Controllers\Home.php(16): CodeIgniter\BaseModel->first()
#7 D:\ITU\S4\Systeme d'information\2026-05-06\Regime_app\system\CodeIgniter.php(951): App\Controllers\Home->login()
#8 D:\ITU\S4\Systeme d'information\2026-05-06\Regime_app\system\CodeIgniter.php(497): CodeIgniter\CodeIgniter->runController(Object(App\Controllers\Home))
#9 D:\ITU\S4\Systeme d'information\2026-05-06\Regime_app\system\CodeIgniter.php(340): CodeIgniter\CodeIgniter->handleRequest(NULL, Object(Config\Cache), false)
#10 D:\ITU\S4\Systeme d'information\2026-05-06\Regime_app\system\Boot.php(417): CodeIgniter\CodeIgniter->run()
#11 D:\ITU\S4\Systeme d'information\2026-05-06\Regime_app\system\Boot.php(68): CodeIgniter\Boot::runCodeIgniter(Object(CodeIgniter\CodeIgniter))
#12 D:\ITU\S4\Systeme d'information\2026-05-06\Regime_app\public\index.php(59): CodeIgniter\Boot::bootWeb(Object(Config\Paths))
#13 {main}

Next CodeIgniter\Database\Exceptions\DatabaseException: Aucune connexion n’a pu être établie car l’ordinateur cible l’a expressément refusée in D:\ITU\S4\Systeme d'information\2026-05-06\Regime_app\system\Database\MySQLi\Connection.php:231
Stack trace:
#0 D:\ITU\S4\Systeme d'information\2026-05-06\Regime_app\system\Database\BaseConnection.php(555): CodeIgniter\Database\MySQLi\Connection->connect(false)
#1 D:\ITU\S4\Systeme d'information\2026-05-06\Regime_app\system\Database\BaseConnection.php(795): CodeIgniter\Database\BaseConnection->initialize()
#2 D:\ITU\S4\Systeme d'information\2026-05-06\Regime_app\system\Database\BaseBuilder.php(1649): CodeIgniter\Database\BaseConnection->query('SELECT *\nFROM `...', Array, false)
#3 D:\ITU\S4\Systeme d'information\2026-05-06\Regime_app\system\Model.php(295): CodeIgniter\Database\BaseBuilder->get()
#4 D:\ITU\S4\Systeme d'information\2026-05-06\Regime_app\system\BaseModel.php(714): CodeIgniter\Model->doFirst()
#5 D:\ITU\S4\Systeme d'information\2026-05-06\Regime_app\app\Controllers\Home.php(16): CodeIgniter\BaseModel->first()
#6 D:\ITU\S4\Systeme d'information\2026-05-06\Regime_app\system\CodeIgniter.php(951): App\Controllers\Home->login()
#7 D:\ITU\S4\Systeme d'information\2026-05-06\Regime_app\system\CodeIgniter.php(497): CodeIgniter\CodeIgniter->runController(Object(App\Controllers\Home))
#8 D:\ITU\S4\Systeme d'information\2026-05-06\Regime_app\system\CodeIgniter.php(340): CodeIgniter\CodeIgniter->handleRequest(NULL, Object(Config\Cache), false)
#9 D:\ITU\S4\Systeme d'information\2026-05-06\Regime_app\system\Boot.php(417): CodeIgniter\CodeIgniter->run()
#10 D:\ITU\S4\Systeme d'information\2026-05-06\Regime_app\system\Boot.php(68): CodeIgniter\Boot::runCodeIgniter(Object(CodeIgniter\CodeIgniter))
#11 D:\ITU\S4\Systeme d'information\2026-05-06\Regime_app\public\index.php(59): CodeIgniter\Boot::bootWeb(Object(Config\Paths))
#12 {main}
CRITICAL - 2026-05-11 14:53:33 --> CodeIgniter\Database\Exceptions\DatabaseException: Unable to connect to the database.
Main connection [MySQLi]: Aucune connexion n’a pu être établie car l’ordinateur cible l’a expressément refusée
[Method: POST, Route: singIn]
in SYSTEMPATH\Database\BaseConnection.php on line 606.
 1 SYSTEMPATH\Database\BaseConnection.php(795): CodeIgniter\Database\BaseConnection->initialize()
 2 SYSTEMPATH\Database\BaseBuilder.php(1649): CodeIgniter\Database\BaseConnection->query('SELECT *
FROM `users`
WHERE `email` = :email:
 LIMIT 1', [...], false)
 3 SYSTEMPATH\Model.php(295): CodeIgniter\Database\BaseBuilder->get()
 4 SYSTEMPATH\BaseModel.php(714): CodeIgniter\Model->doFirst()
 5 APPPATH\Controllers\Home.php(16): CodeIgniter\BaseModel->first()
 6 SYSTEMPATH\CodeIgniter.php(951): App\Controllers\Home->login()
 7 SYSTEMPATH\CodeIgniter.php(497): CodeIgniter\CodeIgniter->runController(Object(App\Controllers\Home))
 8 SYSTEMPATH\CodeIgniter.php(340): CodeIgniter\CodeIgniter->handleRequest(null, Object(Config\Cache), false)
 9 SYSTEMPATH\Boot.php(417): CodeIgniter\CodeIgniter->run()
10 SYSTEMPATH\Boot.php(68): CodeIgniter\Boot::runCodeIgniter(Object(CodeIgniter\CodeIgniter))
11 FCPATH\index.php(59): CodeIgniter\Boot::bootWeb(Object(Config\Paths))
